c:\users\arknights\desktop\oj\x64\debug\vc143.pdb
c:\users\arknights\desktop\oj\x64\debug\vc143.idb
c:\users\arknights\desktop\oj\x64\debug\other.obj
c:\users\arknights\desktop\oj\x64\debug\information.obj
c:\users\arknights\desktop\oj\x64\debug\file.obj
c:\users\arknights\desktop\oj\x64\debug\课堂设计.obj
c:\users\arknights\desktop\oj\x64\debug\oj.pdb
c:\users\arknights\desktop\oj\x64\debug\oj.tlog\cl.command.1.tlog
c:\users\arknights\desktop\oj\x64\debug\oj.tlog\cl.read.1.tlog
c:\users\arknights\desktop\oj\x64\debug\oj.tlog\cl.write.1.tlog
c:\users\arknights\desktop\oj\x64\debug\oj.tlog\link-cvtres.read.1.tlog
c:\users\arknights\desktop\oj\x64\debug\oj.tlog\link-cvtres.write.1.tlog
c:\users\arknights\desktop\oj\x64\debug\oj.tlog\link-rc.read.1.tlog
c:\users\arknights\desktop\oj\x64\debug\oj.tlog\link-rc.write.1.tlog
c:\users\arknights\desktop\oj\x64\debug\oj.tlog\link.command.1.tlog
c:\users\arknights\desktop\oj\x64\debug\oj.tlog\link.read.1.tlog
c:\users\arknights\desktop\oj\x64\debug\oj.tlog\link.read.2.tlog
c:\users\arknights\desktop\oj\x64\debug\oj.tlog\link.read.3.tlog
c:\users\arknights\desktop\oj\x64\debug\oj.tlog\link.read.4.tlog
c:\users\arknights\desktop\oj\x64\debug\oj.tlog\link.write.1.tlog
